<?xml version="1.0" encoding="UTF-8"?>
<!-- Generated by org.testng.reporters.JUnitXMLReporter -->
<testsuite ignored="0" hostname="DESKTOP-5B35QQB" failures="0" tests="3" name="Command line test" time="19.055" errors="0" timestamp="2022-03-04T09:45:52 PST">
  <testcase classname="SeleniumTest" name="firstUrlTest" time="4.257"/>
  <testcase classname="SeleniumTest" name="secondUrlTest" time="3.313"/>
  <testcase classname="SeleniumTest" name="thirdUrlTest" time="3.41"/>
</testsuite> <!-- Command line test -->
